c:\users\chewbie\desktop\simpag\simpag\debug\vc141.pdb
c:\users\chewbie\desktop\simpag\simpag\debug\.netframework,version=v4.6.1.assemblyattributes.obj
c:\users\chewbie\desktop\simpag\simpag\debug\.netframework,version=v4.6.1.assemblyattributes.asm
c:\users\chewbie\desktop\simpag\simpag\debug\telasim.obj
c:\users\chewbie\desktop\simpag\simpag\debug\telaresultado.obj
c:\users\chewbie\desktop\simpag\simpag\debug\myform.obj
c:\users\chewbie\desktop\simpag\debug\simpag.exe
c:\users\chewbie\desktop\simpag\debug\simpag.pdb
c:\users\chewbie\desktop\simpag\simpag\debug\simpag.myform.resources
c:\users\chewbie\desktop\simpag\simpag\debug\simpag.telasim.resources
c:\users\chewbie\desktop\simpag\simpag\debug\simpag.vcxproj.generateresource.cache
c:\users\chewbie\desktop\simpag\simpag\debug\simpag.vcxprojresolveassemblyreference.cache
c:\users\chewbie\desktop\simpag\simpag\debug\simpag.tlog\cl.command.1.tlog
c:\users\chewbie\desktop\simpag\simpag\debug\simpag.tlog\cl.read.1.tlog
c:\users\chewbie\desktop\simpag\simpag\debug\simpag.tlog\cl.write.1.tlog
c:\users\chewbie\desktop\simpag\simpag\debug\simpag.tlog\link.command.1.tlog
c:\users\chewbie\desktop\simpag\simpag\debug\simpag.tlog\link.read.1.tlog
c:\users\chewbie\desktop\simpag\simpag\debug\simpag.tlog\link.write.1.tlog
c:\users\chewbie\desktop\simpag\simpag\debug\simpag.tlog\metagen.read.1.tlog
c:\users\chewbie\desktop\simpag\simpag\debug\simpag.tlog\metagen.write.1.tlog
c:\users\chewbie\desktop\simpag\simpag\debug\simpag.tlog\simpag.write.1u.tlog
c:\users\chewbie\desktop\simpag\simpag\debug\simpag.tlog\rsaenh.dll.bi
c:\users\chewbie\desktop\simpag\simpag\debug\simpag.tlog\tzres.dll.bi
